

***********************************************************************
Fatal NI connect error 12541, connecting to:
 (DESCRIPTION=(ADDRESS=(PROTOCOL=TCP)(HOST=127.0.0.1)(PORT=1521))(CONNECT_DATA=(SID=ORCL)(CID=(PROGRAM=E:\C#\OPCT\OPCT\bin\Debug\OPCT.vshost.exe)(HOST=XUXY-PC)(USER=Xuxy))))

  VERSION INFORMATION:
	TNS for 32-bit Windows: Version 10.2.0.1.0 - Production
	Windows NT TCP/IP NT Protocol Adapter for 32-bit Windows: Version 10.2.0.1.0 - Production
  Time: 13-3月 -2012 19:57:23
  Tracing not turned on.
  Tns error struct:
    ns main err code: 12541
    TNS-12541: TNS: 无监听程序
    ns secondary err code: 12560
    nt main err code: 511
    TNS-00511: 无监听程序
    nt secondary err code: 61
    nt OS err code: 0


***********************************************************************
Fatal NI connect error 12541, connecting to:
 (DESCRIPTION=(ADDRESS=(PROTOCOL=TCP)(HOST=127.0.0.1)(PORT=1521))(CONNECT_DATA=(SID=ORCL)(CID=(PROGRAM=E:\C#\OPCT\OPCT\bin\Debug\OPCT.vshost.exe)(HOST=XUXY-PC)(USER=Xuxy))))

  VERSION INFORMATION:
	TNS for 32-bit Windows: Version 10.2.0.1.0 - Production
	Windows NT TCP/IP NT Protocol Adapter for 32-bit Windows: Version 10.2.0.1.0 - Production
  Time: 09-4月 -2012 15:24:15
  Tracing not turned on.
  Tns error struct:
    ns main err code: 12541
    TNS-12541: TNS: 无监听程序
    ns secondary err code: 12560
    nt main err code: 511
    TNS-00511: 无监听程序
    nt secondary err code: 61
    nt OS err code: 0


***********************************************************************
Fatal NI connect error 12541, connecting to:
 (DESCRIPTION=(ADDRESS=(PROTOCOL=TCP)(HOST=127.0.0.1)(PORT=1521))(CONNECT_DATA=(SID=ORCL)(CID=(PROGRAM=E:\C#\OPCT\OPCT\bin\Debug\OPCT.vshost.exe)(HOST=XUXY-PC)(USER=Xuxy))))

  VERSION INFORMATION:
	TNS for 32-bit Windows: Version 10.2.0.1.0 - Production
	Windows NT TCP/IP NT Protocol Adapter for 32-bit Windows: Version 10.2.0.1.0 - Production
  Time: 16-4月 -2012 09:46:55
  Tracing not turned on.
  Tns error struct:
    ns main err code: 12541
    TNS-12541: TNS: 无监听程序
    ns secondary err code: 12560
    nt main err code: 511
    TNS-00511: 无监听程序
    nt secondary err code: 61
    nt OS err code: 0


***********************************************************************
Fatal NI connect error 12543, connecting to:
 (DESCRIPTION=(ADDRESS=(PROTOCOL=TCP)(HOST=22.188.134.121)(PORT=1521))(CONNECT_DATA=(SID=oraNETD2)(CID=(PROGRAM=E:\C#\OPCT\OPCT\bin\Debug\OPCT.exe)(HOST=XUXY-PC)(USER=Xuxy))))

  VERSION INFORMATION:
	TNS for 32-bit Windows: Version 10.2.0.1.0 - Production
	Windows NT TCP/IP NT Protocol Adapter for 32-bit Windows: Version 10.2.0.1.0 - Production
  Time: 23-4月 -2012 23:09:27
  Tracing not turned on.
  Tns error struct:
    ns main err code: 12543
    TNS-12543: TNS: 无法连接目标主机
    ns secondary err code: 12560
    nt main err code: 513
    TNS-00513: 不能连接的终点主机
    nt secondary err code: 51
    nt OS err code: 0


***********************************************************************
Fatal NI connect error 12543, connecting to:
 (DESCRIPTION=(ADDRESS=(PROTOCOL=TCP)(HOST=22.188.134.121)(PORT=1521))(CONNECT_DATA=(SID=oraNETD2)(CID=(PROGRAM=E:\C#\OPCT\OPCT\bin\Debug\OPCT.vshost.exe)(HOST=XUXY-PC)(USER=Xuxy))))

  VERSION INFORMATION:
	TNS for 32-bit Windows: Version 10.2.0.1.0 - Production
	Windows NT TCP/IP NT Protocol Adapter for 32-bit Windows: Version 10.2.0.1.0 - Production
  Time: 24-4月 -2012 19:34:44
  Tracing not turned on.
  Tns error struct:
    ns main err code: 12543
    TNS-12543: TNS: 无法连接目标主机
    ns secondary err code: 12560
    nt main err code: 513
    TNS-00513: 不能连接的终点主机
    nt secondary err code: 51
    nt OS err code: 0
